<?xml version="1.0" encoding="utf-8"?>
<testsuites>
<testsuite package="org.eslint" time="0" tests="1" errors="0" name="/home/w0rp/git/report-alchemy/src/api.ts">
<testcase time="0" name="/home/w0rp/git/report-alchemy/src/api.ts" />
</testsuite>
<testsuite package="org.eslint" time="0" tests="1" errors="0" name="/home/w0rp/git/report-alchemy/src/cli.ts">
<testcase time="0" name="/home/w0rp/git/report-alchemy/src/cli.ts" />
</testsuite>
<testsuite package="org.eslint" time="0" tests="1" errors="0" name="/home/w0rp/git/report-alchemy/src/internal/algorithm.ts">
<testcase time="0" name="/home/w0rp/git/report-alchemy/src/internal/algorithm.ts" />
</testsuite>
<testsuite package="org.eslint" time="0" tests="1" errors="0" name="/home/w0rp/git/report-alchemy/src/internal/configuration.ts">
<testcase time="0" name="/home/w0rp/git/report-alchemy/src/internal/configuration.ts" />
</testsuite>
<testsuite package="org.eslint" time="0" tests="1" errors="0" name="/home/w0rp/git/report-alchemy/src/internal/default-plugin/index.ts">
<testcase time="0" name="/home/w0rp/git/report-alchemy/src/internal/default-plugin/index.ts" />
</testsuite>
<testsuite package="org.eslint" time="0" tests="1" errors="1" name="/home/w0rp/git/report-alchemy/src/internal/default-plugin/junit.ts">
<testcase time="0" name="org.eslint.@typescript-eslint/array-type"><failure message="Array type using &apos;Array&lt;Problem&gt;&apos; is forbidden. Use &apos;Problem[]&apos; instead."><![CDATA[line 75, col 43, Warning - Array type using &apos;Array&lt;Problem&gt;&apos; is forbidden. Use &apos;Problem[]&apos; instead. (@typescript-eslint/array-type)]]></failure></testcase>
</testsuite>
<testsuite package="org.eslint" time="0" tests="1" errors="0" name="/home/w0rp/git/report-alchemy/src/internal/exception.ts">
<testcase time="0" name="/home/w0rp/git/report-alchemy/src/internal/exception.ts" />
</testsuite>
<testsuite package="org.eslint" time="0" tests="1" errors="0" name="/home/w0rp/git/report-alchemy/src/internal/io.ts">
<testcase time="0" name="/home/w0rp/git/report-alchemy/src/internal/io.ts" />
</testsuite>
<testsuite package="org.eslint" time="0" tests="1" errors="0" name="/home/w0rp/git/report-alchemy/src/internal/parse-arguments.ts">
<testcase time="0" name="/home/w0rp/git/report-alchemy/src/internal/parse-arguments.ts" />
</testsuite>
<testsuite package="org.eslint" time="0" tests="1" errors="0" name="/home/w0rp/git/report-alchemy/src/internal/plugin.ts">
<testcase time="0" name="/home/w0rp/git/report-alchemy/src/internal/plugin.ts" />
</testsuite>
<testsuite package="org.eslint" time="0" tests="1" errors="0" name="/home/w0rp/git/report-alchemy/src/internal/problem-type.ts">
<testcase time="0" name="/home/w0rp/git/report-alchemy/src/internal/problem-type.ts" />
</testsuite>
<testsuite package="org.eslint" time="0" tests="1" errors="0" name="/home/w0rp/git/report-alchemy/src/internal/typeguard.ts">
<testcase time="0" name="/home/w0rp/git/report-alchemy/src/internal/typeguard.ts" />
</testsuite>
<testsuite package="org.eslint" time="0" tests="1" errors="0" name="/home/w0rp/git/report-alchemy/src/internal/types.ts">
<testcase time="0" name="/home/w0rp/git/report-alchemy/src/internal/types.ts" />
</testsuite>
<testsuite package="org.eslint" time="0" tests="1" errors="0" name="/home/w0rp/git/report-alchemy/src/internal/xml.spec.ts">
<testcase time="0" name="/home/w0rp/git/report-alchemy/src/internal/xml.spec.ts" />
</testsuite>
<testsuite package="org.eslint" time="0" tests="1" errors="0" name="/home/w0rp/git/report-alchemy/src/internal/xml.ts">
<testcase time="0" name="/home/w0rp/git/report-alchemy/src/internal/xml.ts" />
</testsuite>
</testsuites>

